<?xml version="1.0" encoding="UTF-8"?>
<testng-results ignored="1" total="2" passed="1" failed="0" skipped="0">
  <reporter-output>
  </reporter-output>
  <suite started-at="2026-03-04T14:40:55 IST" name="Automation Suite" finished-at="2026-03-04T14:40:55 IST" duration-ms="54">
    <groups>
      <group name="smoke">
        <method signature="CalculatorTests.verifyAddition()[pri:0, instance:com.testing.tests.CalculatorTests@1cbbffcd]" name="verifyAddition" class="com.testing.tests.CalculatorTests"/>
      </group> <!-- smoke -->
    </groups>
    <test started-at="2026-03-04T14:40:55 IST" name="Smoke Suite" finished-at="2026-03-04T14:40:55 IST" duration-ms="54">
      <class name="com.testing.tests.CalculatorTests">
        <test-method signature="verifyAddition()[pri:0, instance:com.testing.tests.CalculatorTests@1cbbffcd]" started-at="2026-03-04T14:40:55 IST" name="verifyAddition" finished-at="2026-03-04T14:40:55 IST" duration-ms="8" status="PASS">
          <reporter-output>
          </reporter-output>
        </test-method> <!-- verifyAddition -->
      </class> <!-- com.testing.tests.CalculatorTests -->
    </test> <!-- Smoke Suite -->
  </suite> <!-- Automation Suite -->
</testng-results>
