<?xml version="1.0" encoding="UTF-8"?>
<!-- Generated by org.testng.reporters.JUnitXMLReporter -->
<testsuite ignored="1" hostname="LAPTOP-D01NAF2G" failures="0" tests="1" name="Smoke Suite" time="0.069" errors="0" timestamp="2026-03-04T14:31:11 IST">
  <testcase classname="com.testing.tests.CalculatorTests" name="verifyAddition" time="0.011"/>
  <testcase classname="com.testing.tests.CalculatorTests" name="verifyMultiplication" time="0.0">
    <ignored/>
  </testcase> <!-- verifyMultiplication -->
</testsuite> <!-- Smoke Suite -->
